<?xml version="1.0" encoding="UTF-8"?>
<!-- Generated by org.testng.reporters.JUnitReportReporter -->
<testsuite hostname="gigi-21.hsd1.ca.comcast.net" failures="0" tests="10" name="StepDefinitions.TestRunner" time="56.913" errors="0" timestamp="2020-11-27T13:26:09 PST" skipped="0">
  <testcase classname="StepDefinitions.TestRunner" name="runScenario" time="2.303"/>
  <system-out/>
  <testcase classname="StepDefinitions.TestRunner" name="runScenario" time="2.803"/>
  <system-out/>
  <testcase classname="StepDefinitions.TestRunner" name="runScenario" time="2.460"/>
  <system-out/>
  <testcase classname="StepDefinitions.TestRunner" name="runScenario" time="6.458"/>
  <system-out/>
  <testcase classname="StepDefinitions.TestRunner" name="runScenario" time="6.476"/>
  <system-out/>
  <testcase classname="StepDefinitions.TestRunner" name="runScenario" time="5.552"/>
  <system-out/>
  <testcase classname="StepDefinitions.TestRunner" name="runScenario" time="2.417"/>
  <system-out/>
  <testcase classname="StepDefinitions.TestRunner" name="runScenario" time="22.224"/>
  <system-out/>
  <testcase classname="StepDefinitions.TestRunner" name="runScenario" time="3.856"/>
  <system-out/>
  <testcase classname="StepDefinitions.TestRunner" name="runScenario" time="2.364"/>
  <system-out/>
</testsuite> <!-- StepDefinitions.TestRunner -->
